<?xml version="1.0" encoding="UTF-8"?>
<!-- Generated by org.testng.reporters.JUnitReportReporter -->
<testsuite hostname="DESKTOP-PTKFTJ5" failures="0" tests="4" name="test_createUser" time="4.353" errors="0" timestamp="2021-08-26T15:30:05 IST" skipped="0">
  <testcase classname="test_createUser" name="createUser" time="3.455"/>
  <system-out/>
  <testcase classname="test_createUser" name="updateUser" time="0.336"/>
  <system-out/>
  <testcase classname="test_createUser" name="getUser" time="0.250"/>
  <system-out/>
  <testcase classname="test_createUser" name="deleteUser" time="0.312"/>
  <system-out/>
</testsuite> <!-- test_createUser -->
