<?xml version="1.0" encoding="UTF-8"?>
<!-- Generated by org.testng.reporters.JUnitReportReporter -->
<testsuite hostname="DESKTOP-PTKFTJ5" failures="0" tests="4" name="UserApiAutomation.test_createUser" time="3.008" errors="0" timestamp="2021-08-26T15:41:53 IST" skipped="0">
  <testcase classname="UserApiAutomation.test_createUser" name="createUser" time="2.159"/>
  <system-out/>
  <testcase classname="UserApiAutomation.test_createUser" name="updateUser" time="0.362"/>
  <system-out/>
  <testcase classname="UserApiAutomation.test_createUser" name="getUser" time="0.217"/>
  <system-out/>
  <testcase classname="UserApiAutomation.test_createUser" name="deleteUser" time="0.270"/>
  <system-out/>
</testsuite> <!-- UserApiAutomation.test_createUser -->
