<?xml version="1.0" encoding="UTF-8"?>
<!-- Generated by org.testng.reporters.JUnitReportReporter -->
<testsuite hostname="DESKTOP-PTKFTJ5" failures="0" tests="1" name="test_getUser" time="2.213" errors="0" timestamp="2021-08-25T20:52:23 IST" skipped="0">
  <testcase classname="test_getUser" name="getUser" time="2.213"/>
  <system-out/>
</testsuite> <!-- test_getUser -->
